#
# There is insufficient memory for the Java Runtime Environment to continue.
# Native memory allocation (malloc) failed to allocate 557456 bytes for Chunk::new
# Possible reasons:
#   The system is out of physical RAM or swap space
#   The process is running with CompressedOops enabled, and the Java Heap may be blocking the growth of the native heap
# Possible solutions:
#   Reduce memory load on the system
#   Increase physical memory or swap space
#   Check if swap backing store is full
#   Decrease Java heap size (-Xmx/-Xms)
#   Decrease number of Java threads
#   Decrease Java thread stack sizes (-Xss)
#   Set larger code cache with -XX:ReservedCodeCacheSize=
#   JVM is running with Unscaled Compressed Oops mode in which the Java heap is
#     placed in the first 4GB address space. The Java Heap base address is the
#     maximum limit for the native heap growth. Please use -XX:HeapBaseMinAddress
#     to set the Java Heap base and to place the Java Heap above 4GB virtual address.
# This output file may be truncated or incomplete.
#
#  Out of Memory Error (arena.cpp:189), pid=2648, tid=26916
#
# JRE version: Java(TM) SE Runtime Environment (17.0.12+8) (build 17.0.12+8-LTS-286)
# Java VM: Java HotSpot(TM) 64-Bit Server VM (17.0.12+8-LTS-286, mixed mode, sharing, tiered, compressed oops, compressed class ptrs, g1 gc, windows-amd64)
# No core dump will be written. Minidumps are not enabled by default on client versions of Windows
#

---------------  S U M M A R Y ------------

Command Line: -javaagent:C:\Program Files\JetBrains\IntelliJ IDEA 2025.3.1\lib\idea_rt.jar=49406 -Dfile.encoding=UTF-8 com.revature.gateway.ApiGatewayApplication

Host: 11th Gen Intel(R) Core(TM) i3-1115G4 @ 3.00GHz, 4 cores, 7G,  Windows 11 , 64 bit Build 26100 (10.0.26100.7920)
Time: Fri Mar 13 00:42:50 2026 India Standard Time elapsed time: 230.463740 seconds (0d 0h 3m 50s)

---------------  T H R E A D  ---------------

Current thread (0x00000129ff6d3ef0):  JavaThread "C2 CompilerThread0" daemon [_thread_in_native, id=26916, stack(0x0000002669d00000,0x0000002669e00000)]


Current CompileTask:
C2: 230464 6868   !   4       org.springframework.core.annotation.AnnotationUtils::invokeAnnotationMethod (38 bytes)

Stack: [0x0000002669d00000,0x0000002669e00000]
Native frames: (J=compiled Java code, j=interpreted, Vv=VM code, C=native code)
V  [jvm.dll+0x67a04a]
V  [jvm.dll+0x7da4ed]
V  [jvm.dll+0x7dbe33]
V  [jvm.dll+0x7dc4a3]
V  [jvm.dll+0x24508f]
V  [jvm.dll+0xab773]
V  [jvm.dll+0xabd3c]
V  [jvm.dll+0x2aa52f]
V  [jvm.dll+0x581eb9]
V  [jvm.dll+0x21f422]
V  [jvm.dll+0x21837b]
V  [jvm.dll+0x215b65]
V  [jvm.dll+0x1a2960]
V  [jvm.dll+0x22610b]
V  [jvm.dll+0x2242ab]
V  [jvm.dll+0x79075c]
V  [jvm.dll+0x78abea]
V  [jvm.dll+0x678f35]
C  [ucrtbase.dll+0x37b0]
C  [KERNEL32.DLL+0x2e8d7]
C  [ntdll.dll+0x8c48c]


---------------  P R O C E S S  ---------------

Threads class SMR info:
_java_thread_list=0x00000129df5e3410, length=29, elements={
0x00000129ff6b3960, 0x00000129ff6b4e90, 0x00000129ff6c7f60, 0x00000129ff6c93a0,
0x00000129ff6cad70, 0x00000129ff6cd1c0, 0x00000129ff6d3ef0, 0x00000129ff6dffb0,
0x00000129ff71c3e0, 0x00000129da1ed890, 0x00000129da1eb520, 0x00000129da1ed380,
0x00000129da1eba30, 0x00000129da1eb010, 0x00000129da1ebf40, 0x00000129da1ece70,
0x00000129dc2a9f90, 0x00000129dc2a9570, 0x00000129dc2aa4a0, 0x00000129dc2aa9b0,
0x00000129dc2ac810, 0x00000129dc2a9060, 0x00000129dc2acd20, 0x00000129dc2ad230,
0x00000129dc2a9a80, 0x00000129dc2ad740, 0x00000129dc2adc50, 0x00000129dc2ae160,
0x00000129dc2ae670
}

Java Threads: ( => current thread )
  0x00000129ff6b3960 JavaThread "Reference Handler" daemon [_thread_blocked, id=19620, stack(0x0000002669700000,0x0000002669800000)]
  0x00000129ff6b4e90 JavaThread "Finalizer" daemon [_thread_blocked, id=22484, stack(0x0000002669800000,0x0000002669900000)]
  0x00000129ff6c7f60 JavaThread "Signal Dispatcher" daemon [_thread_blocked, id=17420, stack(0x0000002669900000,0x0000002669a00000)]
  0x00000129ff6c93a0 JavaThread "Attach Listener" daemon [_thread_blocked, id=14232, stack(0x0000002669a00000,0x0000002669b00000)]
  0x00000129ff6cad70 JavaThread "Service Thread" daemon [_thread_blocked, id=7740, stack(0x0000002669b00000,0x0000002669c00000)]
  0x00000129ff6cd1c0 JavaThread "Monitor Deflation Thread" daemon [_thread_blocked, id=20416, stack(0x0000002669c00000,0x0000002669d00000)]
=>0x00000129ff6d3ef0 JavaThread "C2 CompilerThread0" daemon [_thread_in_native, id=26916, stack(0x0000002669d00000,0x0000002669e00000)]
  0x00000129ff6dffb0 JavaThread "C1 CompilerThread0" daemon [_thread_blocked, id=13484, stack(0x0000002669e00000,0x0000002669f00000)]
  0x00000129ff71c3e0 JavaThread "Sweeper thread" daemon [_thread_blocked, id=1836, stack(0x0000002669f00000,0x000000266a000000)]
  0x00000129da1ed890 JavaThread "Common-Cleaner" daemon [_thread_blocked, id=27492, stack(0x000000266a000000,0x000000266a100000)]
  0x00000129da1eb520 JavaThread "Monitor Ctrl-Break" daemon [_thread_in_native, id=10612, stack(0x000000266a100000,0x000000266a200000)]
  0x00000129da1ed380 JavaThread "Notification Thread" daemon [_thread_blocked, id=23328, stack(0x000000266a200000,0x000000266a300000)]
  0x00000129da1eba30 JavaThread "boundedElastic-evictor-1" daemon [_thread_blocked, id=9668, stack(0x000000266aa00000,0x000000266ab00000)]
  0x00000129da1eb010 JavaThread "spring.cloud.inetutils" daemon [_thread_blocked, id=904, stack(0x000000266ab00000,0x000000266ac00000)]
  0x00000129da1ebf40 JavaThread "AsyncResolver-bootstrap-0" daemon [_thread_blocked, id=25408, stack(0x000000266ac00000,0x000000266ad00000)]
  0x00000129da1ece70 JavaThread "DiscoveryClient-0" daemon [_thread_blocked, id=9344, stack(0x000000266a400000,0x000000266a500000)]
  0x00000129dc2a9f90 JavaThread "DiscoveryClient-1" daemon [_thread_blocked, id=15260, stack(0x000000266ad00000,0x000000266ae00000)]
  0x00000129dc2a9570 JavaThread "DiscoveryClient-InstanceInfoReplicator-0" daemon [_thread_blocked, id=21600, stack(0x000000266ae00000,0x000000266af00000)]
  0x00000129dc2aa4a0 JavaThread "reactor-http-nio-1" daemon [_thread_in_native, id=27116, stack(0x000000266af00000,0x000000266b000000)]
  0x00000129dc2aa9b0 JavaThread "server" [_thread_blocked, id=18348, stack(0x000000266b000000,0x000000266b100000)]
  0x00000129dc2ac810 JavaThread "DestroyJavaVM" [_thread_blocked, id=7908, stack(0x0000002669000000,0x0000002669100000)]
  0x00000129dc2a9060 JavaThread "DiscoveryClient-CacheRefreshExecutor-0" daemon [_thread_blocked, id=2556, stack(0x000000266b200000,0x000000266b300000)]
  0x00000129dc2acd20 JavaThread "DiscoveryClient-HeartbeatExecutor-0" daemon [_thread_blocked, id=26244, stack(0x000000266b300000,0x000000266b400000)]
  0x00000129dc2ad230 JavaThread "reactor-http-nio-2" daemon [_thread_in_native, id=15856, stack(0x0000002668d00000,0x0000002668e00000)]
  0x00000129dc2a9a80 JavaThread "reactor-http-nio-3" daemon [_thread_in_native, id=19332, stack(0x0000002668e00000,0x0000002668f00000)]
  0x00000129dc2ad740 JavaThread "parallel-1" daemon [_thread_blocked, id=24124, stack(0x000000266a900000,0x000000266aa00000)]
  0x00000129dc2adc50 JavaThread "pool-12-thread-1" daemon [_thread_blocked, id=25744, stack(0x000000266b100000,0x000000266b200000)]
  0x00000129dc2ae160 JavaThread "reactor-http-nio-4" daemon [_thread_in_native, id=29628, stack(0x000000266b400000,0x000000266b500000)]
  0x00000129dc2ae670 JavaThread "Thread-7" daemon [_thread_in_native, id=17340, stack(0x000000266b500000,0x000000266b600000)]

Other Threads:
  0x00000129ff6ad440 VMThread "VM Thread" [stack: 0x0000002669600000,0x0000002669700000] [id=12960]
  0x00000129f6e2f4d0 WatcherThread [stack: 0x000000266a300000,0x000000266a400000] [id=3256]
  0x00000129f6e125c0 GCTaskThread "GC Thread#0" [stack: 0x0000002669100000,0x0000002669200000] [id=28868]
  0x00000129db0cdfe0 GCTaskThread "GC Thread#1" [stack: 0x000000266a500000,0x000000266a600000] [id=18916]
  0x00000129da9b0440 GCTaskThread "GC Thread#2" [stack: 0x000000266a600000,0x000000266a700000] [id=8412]
  0x00000129db025690 GCTaskThread "GC Thread#3" [stack: 0x000000266a700000,0x000000266a800000] [id=22008]
  0x00000129f6e23960 ConcurrentGCThread "G1 Main Marker" [stack: 0x0000002669200000,0x0000002669300000] [id=17268]
  0x00000129f6e259c0 ConcurrentGCThread "G1 Conc#0" [stack: 0x0000002669300000,0x0000002669400000] [id=9080]
  0x00000129ff5550d0 ConcurrentGCThread "G1 Refine#0" [stack: 0x0000002669400000,0x0000002669500000] [id=16464]
  0x00000129ff5568c0 ConcurrentGCThread "G1 Service" [stack: 0x0000002669500000,0x0000002669600000] [id=19068]

Threads with active compile tasks:
C2 CompilerThread0   230496 6868   !   4       org.springframework.core.annotation.AnnotationUtils::invokeAnnotationMethod (38 bytes)

VM state: not at safepoint (normal execution)

VM Mutex/Monitor currently owned by a thread: None

Heap address: 0x0000000084400000, size: 1980 MB, Compressed Oops mode: 32-bit

CDS archive(s) mapped at: [0x0000012995000000-0x0000012995bd0000-0x0000012995bd0000), size 12386304, SharedBaseAddress: 0x0000012995000000, ArchiveRelocationMode: 1.
Compressed class space mapped at: 0x0000012996000000-0x00000129d6000000, reserved size: 1073741824
Narrow klass base: 0x0000012995000000, Narrow klass shift: 0, Narrow klass range: 0x100000000

GC Precious Log:
 CPUs: 4 total, 4 available
 Memory: 7914M
 Large Page Support: Disabled
 NUMA Support: Disabled
 Compressed Oops: Enabled (32-bit)
 Heap Region Size: 1M
 Heap Min Capacity: 8M
 Heap Initial Capacity: 124M
 Heap Max Capacity: 1980M
 Pre-touch: Disabled
 Parallel Workers: 4
 Concurrent Workers: 1
 Concurrent Refinement Workers: 4
 Periodic GC: Disabled

Heap:
 garbage-first heap   total 51200K, used 35995K [0x0000000084400000, 0x0000000100000000)
  region size 1024K, 9 young (9216K), 1 survivors (1024K)
 Metaspace       used 53106K, committed 53568K, reserved 1114112K
  class space    used 7029K, committed 7232K, reserved 1048576K

Heap Regions: E=young(eden), S=young(survivor), O=old, HS=humongous(starts), HC=humongous(continues), CS=collection set, F=free, OA=open archive, CA=closed archive, TAMS=top-at-mark-start (previous, next)
|   0|0x0000000084400000, 0x0000000084500000, 0x0000000084500000|100%|HS|  |TAMS 0x0000000084500000, 0x0000000084400000| Complete 
|   1|0x0000000084500000, 0x0000000084600000, 0x0000000084600000|100%| O|  |TAMS 0x0000000084600000, 0x0000000084500000| Untracked 
|   2|0x0000000084600000, 0x0000000084700000, 0x0000000084700000|100%| O|  |TAMS 0x0000000084700000, 0x0000000084600000| Untracked 
|   3|0x0000000084700000, 0x0000000084800000, 0x0000000084800000|100%| O|  |TAMS 0x0000000084800000, 0x0000000084700000| Untracked 
|   4|0x0000000084800000, 0x0000000084900000, 0x0000000084900000|100%| O|  |TAMS 0x0000000084900000, 0x0000000084800000| Untracked 
|   5|0x0000000084900000, 0x0000000084a00000, 0x0000000084a00000|100%| O|  |TAMS 0x0000000084a00000, 0x0000000084900000| Untracked 
|   6|0x0000000084a00000, 0x0000000084b00000, 0x0000000084b00000|100%| O|  |TAMS 0x0000000084b00000, 0x0000000084a00000| Untracked 
|   7|0x0000000084b00000, 0x0000000084c00000, 0x0000000084c00000|100%| O|  |TAMS 0x0000000084c00000, 0x0000000084b00000| Untracked 
|   8|0x0000000084c00000, 0x0000000084d00000, 0x0000000084d00000|100%| O|  |TAMS 0x0000000084d00000, 0x0000000084c00000| Untracked 
|   9|0x0000000084d00000, 0x0000000084e00000, 0x0000000084e00000|100%| O|  |TAMS 0x0000000084e00000, 0x0000000084d00000| Untracked 
|  10|0x0000000084e00000, 0x0000000084f00000, 0x0000000084f00000|100%| O|  |TAMS 0x0000000084f00000, 0x0000000084e00000| Untracked 
|  11|0x0000000084f00000, 0x0000000085000000, 0x0000000085000000|100%| O|  |TAMS 0x0000000085000000, 0x0000000084f00000| Untracked 
|  12|0x0000000085000000, 0x0000000085100000, 0x0000000085100000|100%| O|  |TAMS 0x0000000085100000, 0x0000000085000000| Untracked 
|  13|0x0000000085100000, 0x0000000085200000, 0x0000000085200000|100%| O|  |TAMS 0x0000000085200000, 0x0000000085100000| Untracked 
|  14|0x0000000085200000, 0x0000000085300000, 0x0000000085300000|100%| O|  |TAMS 0x0000000085300000, 0x0000000085200000| Untracked 
|  15|0x0000000085300000, 0x0000000085300000, 0x0000000085400000|  0%| F|  |TAMS 0x0000000085300000, 0x0000000085300000| Untracked 
|  16|0x0000000085400000, 0x0000000085500000, 0x0000000085500000|100%| O|  |TAMS 0x0000000085500000, 0x0000000085400000| Untracked 
|  17|0x0000000085500000, 0x0000000085600000, 0x0000000085600000|100%| O|  |TAMS 0x0000000085600000, 0x0000000085500000| Untracked 
|  18|0x0000000085600000, 0x0000000085700000, 0x0000000085700000|100%| O|  |TAMS 0x0000000085700000, 0x0000000085600000| Untracked 
|  19|0x0000000085700000, 0x0000000085800000, 0x0000000085800000|100%| O|  |TAMS 0x0000000085800000, 0x0000000085700000| Untracked 
|  20|0x0000000085800000, 0x0000000085900000, 0x0000000085900000|100%| O|  |TAMS 0x0000000085900000, 0x0000000085800000| Untracked 
|  21|0x0000000085900000, 0x0000000085a00000, 0x0000000085a00000|100%| O|  |TAMS 0x0000000085a00000, 0x0000000085900000| Untracked 
|  22|0x0000000085a00000, 0x0000000085b00000, 0x0000000085b00000|100%| O|  |TAMS 0x0000000085b00000, 0x0000000085a00000| Untracked 
|  23|0x0000000085b00000, 0x0000000085c00000, 0x0000000085c00000|100%| O|  |TAMS 0x0000000085c00000, 0x0000000085b00000| Untracked 
|  24|0x0000000085c00000, 0x0000000085d00000, 0x0000000085d00000|100%| O|  |TAMS 0x0000000085d00000, 0x0000000085c00000| Untracked 
|  25|0x0000000085d00000, 0x0000000085e00000, 0x0000000085e00000|100%| O|  |TAMS 0x0000000085e00000, 0x0000000085d00000| Untracked 
|  26|0x0000000085e00000, 0x0000000085f00000, 0x0000000085f00000|100%| O|  |TAMS 0x0000000085f00000, 0x0000000085e00000| Untracked 
|  27|0x0000000085f00000, 0x0000000086000000, 0x0000000086000000|100%| O|  |TAMS 0x0000000085f00000, 0x0000000085f00000| Untracked 
|  28|0x0000000086000000, 0x0000000086100000, 0x0000000086100000|100%| O|  |TAMS 0x0000000086000000, 0x0000000086000000| Untracked 
|  29|0x0000000086100000, 0x00000000861d3000, 0x0000000086200000| 82%| O|  |TAMS 0x0000000086100000, 0x0000000086100000| Untracked 
|  30|0x0000000086200000, 0x0000000086200000, 0x0000000086300000|  0%| F|  |TAMS 0x0000000086200000, 0x0000000086200000| Untracked 
|  31|0x0000000086300000, 0x0000000086300000, 0x0000000086400000|  0%| F|  |TAMS 0x0000000086300000, 0x0000000086300000| Untracked 
|  32|0x0000000086400000, 0x0000000086400000, 0x0000000086500000|  0%| F|  |TAMS 0x0000000086400000, 0x0000000086400000| Untracked 
|  33|0x0000000086500000, 0x0000000086500000, 0x0000000086600000|  0%| F|  |TAMS 0x0000000086500000, 0x0000000086500000| Untracked 
|  34|0x0000000086600000, 0x0000000086600000, 0x0000000086700000|  0%| F|  |TAMS 0x0000000086600000, 0x0000000086600000| Untracked 
|  35|0x0000000086700000, 0x0000000086700000, 0x0000000086800000|  0%| F|  |TAMS 0x0000000086700000, 0x0000000086700000| Untracked 
|  36|0x0000000086800000, 0x0000000086800000, 0x0000000086900000|  0%| F|  |TAMS 0x0000000086800000, 0x0000000086800000| Untracked 
|  37|0x0000000086900000, 0x0000000086900000, 0x0000000086a00000|  0%| F|  |TAMS 0x0000000086900000, 0x0000000086900000| Untracked 
|  38|0x0000000086a00000, 0x0000000086a00000, 0x0000000086b00000|  0%| F|  |TAMS 0x0000000086a00000, 0x0000000086a00000| Untracked 
|  39|0x0000000086b00000, 0x0000000086b00000, 0x0000000086c00000|  0%| F|  |TAMS 0x0000000086b00000, 0x0000000086b00000| Untracked 
|  40|0x0000000086c00000, 0x0000000086c00000, 0x0000000086d00000|  0%| F|  |TAMS 0x0000000086c00000, 0x0000000086c00000| Untracked 
|  41|0x0000000086d00000, 0x0000000086d61a50, 0x0000000086e00000| 38%| E|  |TAMS 0x0000000086d00000, 0x0000000086d00000| Complete 
|  42|0x0000000086e00000, 0x0000000086f00000, 0x0000000086f00000|100%| E|CS|TAMS 0x0000000086e00000, 0x0000000086e00000| Complete 
|  62|0x0000000088200000, 0x0000000088300000, 0x0000000088300000|100%| E|CS|TAMS 0x0000000088200000, 0x0000000088200000| Complete 
|  63|0x0000000088300000, 0x0000000088400000, 0x0000000088400000|100%| E|CS|TAMS 0x0000000088300000, 0x0000000088300000| Complete 
|  64|0x0000000088400000, 0x0000000088500000, 0x0000000088500000|100%| E|  |TAMS 0x0000000088400000, 0x0000000088400000| Complete 
|  65|0x0000000088500000, 0x0000000088600000, 0x0000000088600000|100%| E|CS|TAMS 0x0000000088500000, 0x0000000088500000| Complete 
|  66|0x0000000088600000, 0x0000000088700000, 0x0000000088700000|100%| E|CS|TAMS 0x0000000088600000, 0x0000000088600000| Complete 
|  67|0x0000000088700000, 0x0000000088753ee0, 0x0000000088800000| 32%| S|CS|TAMS 0x0000000088700000, 0x0000000088700000| Complete 
| 123|0x000000008bf00000, 0x000000008c000000, 0x000000008c000000|100%| E|CS|TAMS 0x000000008bf00000, 0x000000008bf00000| Complete 

Card table byte_map: [0x00000129fea40000,0x00000129fee20000] _byte_map_base: 0x00000129fe61e000

Marking Bits (Prev, Next): (CMBitMap*) 0x00000129f6e12be0, (CMBitMap*) 0x00000129f6e12c20
 Prev Bits: [0x000001298f000000, 0x0000012990ef0000)
 Next Bits: [0x0000012990ef0000, 0x0000012992de0000)

Polling page: 0x00000129f4ce0000

Metaspace:

Usage:
  Non-class:     45.00 MB used.
      Class:      6.86 MB used.
       Both:     51.86 MB used.

Virtual space:
  Non-class space:       64.00 MB reserved,      45.25 MB ( 71%) committed,  1 nodes.
      Class space:        1.00 GB reserved,       7.06 MB ( <1%) committed,  1 nodes.
             Both:        1.06 GB reserved,      52.31 MB (  5%) committed. 

Chunk freelists:
   Non-Class:  2.79 MB
       Class:  8.88 MB
        Both:  11.67 MB

MaxMetaspaceSize: unlimited
CompressedClassSpaceSize: 1.00 GB
Initial GC threshold: 21.00 MB
Current GC threshold: 80.62 MB
CDS: on
MetaspaceReclaimPolicy: balanced
 - commit_granule_bytes: 65536.
 - commit_granule_words: 8192.
 - virtual_space_node_default_size: 8388608.
 - enlarge_chunks_in_place: 1.
 - new_chunks_are_fully_committed: 0.
 - uncommit_free_chunks: 1.
 - use_allocation_guard: 0.
 - handle_deallocations: 1.


Internal statistics:

num_allocs_failed_limit: 6.
num_arena_births: 670.
num_arena_deaths: 0.
num_vsnodes_births: 2.
num_vsnodes_deaths: 0.
num_space_committed: 837.
num_space_uncommitted: 0.
num_chunks_returned_to_freelist: 6.
num_chunks_taken_from_freelist: 2566.
num_chunk_merges: 3.
num_chunk_splits: 1793.
num_chunks_enlarged: 1359.
num_inconsistent_stats: 0.

CodeHeap 'non-profiled nmethods': size=120000Kb used=4640Kb max_used=4640Kb free=115359Kb
 bounds [0x0000012987ad0000, 0x0000012987f60000, 0x000001298f000000]
CodeHeap 'profiled nmethods': size=120000Kb used=12756Kb max_used=12756Kb free=107243Kb
 bounds [0x0000012980000000, 0x0000012980c80000, 0x0000012987530000]
CodeHeap 'non-nmethods': size=5760Kb used=1321Kb max_used=1364Kb free=4439Kb
 bounds [0x0000012987530000, 0x00000129877a0000, 0x0000012987ad0000]
 total_blobs=6770 nmethods=6135 adapters=547
 compilation: enabled
              stopped_count=0, restarted_count=0
 full_count=0

Compilation events (20 events):
Event: 230.385 Thread 0x00000129ff6dffb0 6870       3       org.springframework.validation.AbstractBindingResult::<init> (65 bytes)
Event: 230.387 Thread 0x00000129ff6dffb0 nmethod 6870 0x0000012980c6fd10 code [0x0000012980c6ffc0, 0x0000012980c71218]
Event: 230.387 Thread 0x00000129ff6dffb0 6871       3       org.springframework.validation.AbstractErrors::<init> (22 bytes)
Event: 230.387 Thread 0x00000129ff6dffb0 nmethod 6871 0x0000012980c71690 code [0x0000012980c71860, 0x0000012980c71d18]
Event: 230.387 Thread 0x00000129ff6dffb0 6872       3       org.springframework.validation.beanvalidation.SpringValidatorAdapter::validate (27 bytes)
Event: 230.387 Thread 0x00000129ff6dffb0 nmethod 6872 0x0000012980c71e90 code [0x0000012980c72040, 0x0000012980c723b8]
Event: 230.387 Thread 0x00000129ff6dffb0 6873       3       org.hibernate.validator.internal.engine.ValidatorImpl::validate (102 bytes)
Event: 230.394 Thread 0x00000129ff6dffb0 nmethod 6873 0x0000012980c72510 code [0x0000012980c72820, 0x0000012980c737e8]
Event: 230.394 Thread 0x00000129ff6dffb0 6874       3       org.hibernate.validator.internal.util.logging.Messages_$bundle::validatedObjectMustNotBeNull (5 bytes)
Event: 230.394 Thread 0x00000129ff6dffb0 nmethod 6874 0x0000012980c73f90 code [0x0000012980c74120, 0x0000012980c74298]
Event: 230.394 Thread 0x00000129ff6dffb0 6875       3       org.hibernate.validator.internal.engine.ValidatorImpl::sanityCheckGroups (60 bytes)
Event: 230.395 Thread 0x00000129ff6dffb0 nmethod 6875 0x0000012980c74390 code [0x0000012980c745a0, 0x0000012980c74b18]
Event: 230.397 Thread 0x00000129ff6dffb0 6877       3       org.springframework.boot.context.properties.bind.DefaultBindConstructorProvider$Constructors::isKotlinType (19 bytes)
Event: 230.397 Thread 0x00000129ff6dffb0 nmethod 6877 0x0000012980c74d90 code [0x0000012980c74f20, 0x0000012980c75078]
Event: 230.401 Thread 0x00000129ff6dffb0 6878       3       java.lang.invoke.LambdaForm$MH/0x0000012996100400::linkToTargetMethod (17 bytes)
Event: 230.401 Thread 0x00000129ff6dffb0 nmethod 6878 0x0000012980c75110 code [0x0000012980c752c0, 0x0000012980c75718]
Event: 230.401 Thread 0x00000129ff6dffb0 6879       1       org.springframework.cloud.gateway.filter.FilterDefinition::getArgs (5 bytes)
Event: 230.402 Thread 0x00000129ff6dffb0 nmethod 6879 0x0000012987f57d10 code [0x0000012987f57ea0, 0x0000012987f57f78]
Event: 230.403 Thread 0x00000129ff6dffb0 6880       1       reactor.core.publisher.InternalFluxOperator::source (5 bytes)
Event: 230.404 Thread 0x00000129ff6dffb0 nmethod 6880 0x0000012987f58010 code [0x0000012987f581a0, 0x0000012987f58278]

GC Heap History (20 events):
Event: 9.713 GC heap before
{Heap before GC invocations=10 (full 0):
 garbage-first heap   total 48128K, used 36325K [0x0000000084400000, 0x0000000100000000)
  region size 1024K, 20 young (20480K), 3 survivors (3072K)
 Metaspace       used 33516K, committed 33856K, reserved 1114112K
  class space    used 4375K, committed 4544K, reserved 1048576K
}
Event: 9.721 GC heap after
{Heap after GC invocations=11 (full 0):
 garbage-first heap   total 48128K, used 20434K [0x0000000084400000, 0x0000000100000000)
  region size 1024K, 2 young (2048K), 2 survivors (2048K)
 Metaspace       used 33516K, committed 33856K, reserved 1114112K
  class space    used 4375K, committed 4544K, reserved 1048576K
}
Event: 11.028 GC heap before
{Heap before GC invocations=11 (full 0):
 garbage-first heap   total 48128K, used 33746K [0x0000000084400000, 0x0000000100000000)
  region size 1024K, 16 young (16384K), 2 survivors (2048K)
 Metaspace       used 35675K, committed 35968K, reserved 1114112K
  class space    used 4713K, committed 4864K, reserved 1048576K
}
Event: 11.035 GC heap after
{Heap after GC invocations=12 (full 0):
 garbage-first heap   total 48128K, used 21090K [0x0000000084400000, 0x0000000100000000)
  region size 1024K, 3 young (3072K), 3 survivors (3072K)
 Metaspace       used 35675K, committed 35968K, reserved 1114112K
  class space    used 4713K, committed 4864K, reserved 1048576K
}
Event: 12.351 GC heap before
{Heap before GC invocations=13 (full 0):
 garbage-first heap   total 48128K, used 36450K [0x0000000084400000, 0x0000000100000000)
  region size 1024K, 18 young (18432K), 3 survivors (3072K)
 Metaspace       used 37056K, committed 37504K, reserved 1114112K
  class space    used 4892K, committed 5120K, reserved 1048576K
}
Event: 12.359 GC heap after
{Heap after GC invocations=14 (full 0):
 garbage-first heap   total 48128K, used 22238K [0x0000000084400000, 0x0000000100000000)
  region size 1024K, 2 young (2048K), 2 survivors (2048K)
 Metaspace       used 37056K, committed 37504K, reserved 1114112K
  class space    used 4892K, committed 5120K, reserved 1048576K
}
Event: 13.705 GC heap before
{Heap before GC invocations=14 (full 0):
 garbage-first heap   total 48128K, used 37598K [0x0000000084400000, 0x0000000100000000)
  region size 1024K, 17 young (17408K), 2 survivors (2048K)
 Metaspace       used 38968K, committed 39360K, reserved 1114112K
  class space    used 5169K, committed 5376K, reserved 1048576K
}
Event: 13.713 GC heap after
{Heap after GC invocations=15 (full 0):
 garbage-first heap   total 48128K, used 23696K [0x0000000084400000, 0x0000000100000000)
  region size 1024K, 3 young (3072K), 3 survivors (3072K)
 Metaspace       used 38968K, committed 39360K, reserved 1114112K
  class space    used 5169K, committed 5376K, reserved 1048576K
}
Event: 14.766 GC heap before
{Heap before GC invocations=15 (full 0):
 garbage-first heap   total 48128K, used 38032K [0x0000000084400000, 0x0000000100000000)
  region size 1024K, 17 young (17408K), 3 survivors (3072K)
 Metaspace       used 43489K, committed 43840K, reserved 1114112K
  class space    used 5725K, committed 5888K, reserved 1048576K
}
Event: 14.775 GC heap after
{Heap after GC invocations=16 (full 0):
 garbage-first heap   total 48128K, used 25756K [0x0000000084400000, 0x0000000100000000)
  region size 1024K, 3 young (3072K), 3 survivors (3072K)
 Metaspace       used 43489K, committed 43840K, reserved 1114112K
  class space    used 5725K, committed 5888K, reserved 1048576K
}
Event: 15.204 GC heap before
{Heap before GC invocations=16 (full 0):
 garbage-first heap   total 48128K, used 37020K [0x0000000084400000, 0x0000000100000000)
  region size 1024K, 14 young (14336K), 3 survivors (3072K)
 Metaspace       used 45496K, committed 45952K, reserved 1114112K
  class space    used 6014K, committed 6208K, reserved 1048576K
}
Event: 15.215 GC heap after
{Heap after GC invocations=17 (full 0):
 garbage-first heap   total 48128K, used 27911K [0x0000000084400000, 0x0000000100000000)
  region size 1024K, 2 young (2048K), 2 survivors (2048K)
 Metaspace       used 45496K, committed 45952K, reserved 1114112K
  class space    used 6014K, committed 6208K, reserved 1048576K
}
Event: 15.641 GC heap before
{Heap before GC invocations=18 (full 0):
 garbage-first heap   total 50176K, used 37127K [0x0000000084400000, 0x0000000100000000)
  region size 1024K, 11 young (11264K), 2 survivors (2048K)
 Metaspace       used 47375K, committed 47808K, reserved 1114112K
  class space    used 6270K, committed 6464K, reserved 1048576K
}
Event: 15.647 GC heap after
{Heap after GC invocations=19 (full 0):
 garbage-first heap   total 50176K, used 28433K [0x0000000084400000, 0x0000000100000000)
  region size 1024K, 1 young (1024K), 1 survivors (1024K)
 Metaspace       used 47375K, committed 47808K, reserved 1114112K
  class space    used 6270K, committed 6464K, reserved 1048576K
}
Event: 199.883 GC heap before
{Heap before GC invocations=19 (full 0):
 garbage-first heap   total 50176K, used 39697K [0x0000000084400000, 0x0000000100000000)
  region size 1024K, 12 young (12288K), 1 survivors (1024K)
 Metaspace       used 49038K, committed 49536K, reserved 1114112K
  class space    used 6474K, committed 6720K, reserved 1048576K
}
Event: 199.941 GC heap after
{Heap after GC invocations=20 (full 0):
 garbage-first heap   total 50176K, used 29011K [0x0000000084400000, 0x0000000100000000)
  region size 1024K, 2 young (2048K), 2 survivors (2048K)
 Metaspace       used 49038K, committed 49536K, reserved 1114112K
  class space    used 6474K, committed 6720K, reserved 1048576K
}
Event: 202.668 GC heap before
{Heap before GC invocations=21 (full 0):
 garbage-first heap   total 51200K, used 39251K [0x0000000084400000, 0x0000000100000000)
  region size 1024K, 13 young (13312K), 2 survivors (2048K)
 Metaspace       used 50903K, committed 51328K, reserved 1114112K
  class space    used 6723K, committed 6912K, reserved 1048576K
}
Event: 202.681 GC heap after
{Heap after GC invocations=22 (full 0):
 garbage-first heap   total 51200K, used 30175K [0x0000000084400000, 0x0000000100000000)
  region size 1024K, 2 young (2048K), 2 survivors (2048K)
 Metaspace       used 50903K, committed 51328K, reserved 1114112K
  class space    used 6723K, committed 6912K, reserved 1048576K
}
Event: 202.972 GC heap before
{Heap before GC invocations=22 (full 0):
 garbage-first heap   total 51200K, used 31199K [0x0000000084400000, 0x0000000100000000)
  region size 1024K, 3 young (3072K), 2 survivors (2048K)
 Metaspace       used 51128K, committed 51584K, reserved 1114112K
  class space    used 6761K, committed 6976K, reserved 1048576K
}
Event: 202.988 GC heap after
{Heap after GC invocations=23 (full 0):
 garbage-first heap   total 51200K, used 29851K [0x0000000084400000, 0x0000000100000000)
  region size 1024K, 1 young (1024K), 1 survivors (1024K)
 Metaspace       used 51128K, committed 51584K, reserved 1114112K
  class space    used 6761K, committed 6976K, reserved 1048576K
}

Deoptimization events (20 events):
Event: 203.093 Thread 0x00000129dc2a9a80 Uncommon trap: trap_request=0xffffff45 fr.pc=0x0000012987b28678 relative=0x0000000000000178
Event: 203.093 Thread 0x00000129dc2a9a80 Uncommon trap: reason=unstable_if action=reinterpret pc=0x0000012987b28678 method=java.lang.String.indexOf(II)I @ 4 c2
Event: 203.093 Thread 0x00000129dc2a9a80 DEOPT PACKING pc=0x0000012987b28678 sp=0x0000002668ef7fb0
Event: 203.093 Thread 0x00000129dc2a9a80 DEOPT UNPACKING pc=0x0000012987585ba3 sp=0x0000002668ef7ee0 mode 2
Event: 203.093 Thread 0x00000129dc2a9a80 Uncommon trap: trap_request=0xffffff45 fr.pc=0x0000012987b1af14 relative=0x00000000000004f4
Event: 203.093 Thread 0x00000129dc2a9a80 Uncommon trap: reason=unstable_if action=reinterpret pc=0x0000012987b1af14 method=java.lang.String.substring(II)Ljava/lang/String; @ 31 c2
Event: 203.093 Thread 0x00000129dc2a9a80 DEOPT PACKING pc=0x0000012987b1af14 sp=0x0000002668ef7f70
Event: 203.093 Thread 0x00000129dc2a9a80 DEOPT UNPACKING pc=0x0000012987585ba3 sp=0x0000002668ef7f40 mode 2
Event: 203.249 Thread 0x00000129dc2a9a80 Uncommon trap: trap_request=0xffffffde fr.pc=0x0000012987af80a0 relative=0x0000000000000dc0
Event: 203.249 Thread 0x00000129dc2a9a80 Uncommon trap: reason=class_check action=maybe_recompile pc=0x0000012987af80a0 method=java.util.concurrent.ConcurrentHashMap$CollectionView.toArray([Ljava/lang/Object;)[Ljava/lang/Object; @ 53 c2
Event: 203.249 Thread 0x00000129dc2a9a80 DEOPT PACKING pc=0x0000012987af80a0 sp=0x0000002668ef7e50
Event: 203.249 Thread 0x00000129dc2a9a80 DEOPT UNPACKING pc=0x0000012987585ba3 sp=0x0000002668ef7e00 mode 2
Event: 203.355 Thread 0x00000129dc2a9a80 Uncommon trap: trap_request=0xffffffde fr.pc=0x0000012987c94ff4 relative=0x00000000000006b4
Event: 203.355 Thread 0x00000129dc2a9a80 Uncommon trap: reason=class_check action=maybe_recompile pc=0x0000012987c94ff4 method=java.lang.AbstractStringBuilder.<init>(Ljava/lang/String;)V @ 58 c2
Event: 203.355 Thread 0x00000129dc2a9a80 DEOPT PACKING pc=0x0000012987c94ff4 sp=0x0000002668ef7e40
Event: 203.355 Thread 0x00000129dc2a9a80 DEOPT UNPACKING pc=0x0000012987585ba3 sp=0x0000002668ef7e20 mode 2
Event: 208.692 Thread 0x00000129dc2a9a80 Uncommon trap: trap_request=0xffffff66 fr.pc=0x0000012987d462fc relative=0x000000000000319c
Event: 208.693 Thread 0x00000129dc2a9a80 Uncommon trap: reason=speculate_class_check action=maybe_recompile pc=0x0000012987d462fc method=java.util.function.BiPredicate.lambda$or$2(Ljava/util/function/BiPredicate;Ljava/lang/Object;Ljava/lang/Object;)Z @ 3 c2
Event: 208.693 Thread 0x00000129dc2a9a80 DEOPT PACKING pc=0x0000012987d462fc sp=0x0000002668efdde0
Event: 208.693 Thread 0x00000129dc2a9a80 DEOPT UNPACKING pc=0x0000012987585ba3 sp=0x0000002668efdd88 mode 2

Classes unloaded (0 events):
No events

Classes redefined (0 events):
No events

Internal exceptions (20 events):
Event: 200.439 Thread 0x00000129dc2ad230 Exception <a 'java/lang/NoSuchMethodError'{0x000000008bfff330}: 'java.lang.Object java.lang.invoke.DirectMethodHandle$Holder.invokeStaticInit(java.lang.Object, java.lang.Object, java.lang.Object, java.lang.Object)'> (0x000000008bfff330) 
thrown [s\open\src\hotspot\share\interpreter\linkResolver.cpp, line 759]
Event: 201.248 Thread 0x00000129dc2a9a80 Exception <a 'java/lang/NoSuchMethodError'{0x0000000088421838}: 'void java.lang.invoke.DirectMethodHandle$Holder.invokeStatic(java.lang.Object, int)'> (0x0000000088421838) 
thrown [s\open\src\hotspot\share\interpreter\linkResolver.cpp, line 759]
Event: 201.249 Thread 0x00000129dc2a9a80 Exception <a 'java/lang/NoSuchMethodError'{0x0000000088425228}: 'void java.lang.invoke.DirectMethodHandle$Holder.invokeStaticInit(java.lang.Object, int)'> (0x0000000088425228) 
thrown [s\open\src\hotspot\share\interpreter\linkResolver.cpp, line 759]
Event: 201.251 Thread 0x00000129dc2a9a80 Exception <a 'java/lang/NoSuchMethodError'{0x000000008842ad58}: 'void java.lang.invoke.DirectMethodHandle$Holder.invokeSpecial(java.lang.Object, java.lang.Object, int)'> (0x000000008842ad58) 
thrown [s\open\src\hotspot\share\interpreter\linkResolver.cpp, line 759]
Event: 201.515 Thread 0x00000129dc2a9a80 Exception <a 'java/lang/reflect/InvocationTargetException'{0x0000000086e63a58}> (0x0000000086e63a58) 
thrown [s\open\src\hotspot\share\runtime\reflection.cpp, line 1121]
Event: 202.591 Thread 0x00000129dc2a9a80 Exception <a 'java/lang/NoSuchMethodError'{0x0000000086b72e20}: 'int java.lang.invoke.DirectMethodHandle$Holder.invokeStatic(java.lang.Object, java.lang.Object, java.lang.Object, java.lang.Object, java.lang.Object)'> (0x0000000086b72e20) 
thrown [s\open\src\hotspot\share\interpreter\linkResolver.cpp, line 759]
Event: 202.601 Thread 0x00000129dc2a9a80 Exception <a 'java/lang/NoSuchMethodError'{0x0000000086b8e2b8}: 'void java.lang.invoke.DirectMethodHandle$Holder.invokeSpecial(java.lang.Object, java.lang.Object, java.lang.Object, java.lang.Object, java.lang.Object, java.lang.Object, java.lang.Object, java.lang.Object)'> (0x0000000086b8e2b8) 
thrown [s\open\src\hotspot\share\interpreter\linkResolver.cpp, line 759]
Event: 202.784 Thread 0x00000129dc2a9a80 Exception <a 'java/lang/NoSuchMethodError'{0x000000008bf90780}: 'java.lang.Object java.lang.invoke.DirectMethodHandle$Holder.newInvokeSpecial(java.lang.Object, java.lang.Object, java.lang.Object, int)'> (0x000000008bf90780) 
thrown [s\open\src\hotspot\share\interpreter\linkResolver.cpp, line 759]
Event: 202.793 Thread 0x00000129dc2a9a80 Exception <a 'java/lang/NoSuchMethodError'{0x000000008bf95cf8}: 'java.lang.Object java.lang.invoke.DirectMethodHandle$Holder.invokeSpecial(java.lang.Object, java.lang.Object, java.lang.Object, java.lang.Object, int)'> (0x000000008bf95cf8) 
thrown [s\open\src\hotspot\share\interpreter\linkResolver.cpp, line 759]
Event: 202.794 Thread 0x00000129dc2a9a80 Exception <a 'java/lang/NoSuchMethodError'{0x000000008bf9aac0}: 'java.lang.Object java.lang.invoke.Invokers$Holder.linkToTargetMethod(java.lang.Object, java.lang.Object, int, java.lang.Object)'> (0x000000008bf9aac0) 
thrown [s\open\src\hotspot\share\interpreter\linkResolver.cpp, line 759]
Event: 203.064 Thread 0x00000129dc2a9a80 Exception <a 'java/io/FileNotFoundException'{0x000000008bfe86a0}> (0x000000008bfe86a0) 
thrown [s\open\src\hotspot\share\prims\jni.cpp, line 516]
Event: 203.112 Thread 0x00000129dc2a9a80 Exception <a 'sun/nio/fs/WindowsException'{0x00000000886637d0}> (0x00000000886637d0) 
thrown [s\open\src\hotspot\share\prims\jni.cpp, line 516]
Event: 203.171 Thread 0x00000129dc2a9a80 Exception <a 'java/lang/NoSuchMethodError'{0x00000000886a92b0}: 'java.lang.Object java.lang.invoke.DirectMethodHandle$Holder.newInvokeSpecial(java.lang.Object, java.lang.Object, java.lang.Object, java.lang.Object, java.lang.Object, java.lang.Object)'> (0x00000000886a92b0) 
thrown [s\open\src\hotspot\share\interpreter\linkResolver.cpp, line 759]
Event: 203.198 Thread 0x00000129dc2a9a80 Exception <a 'java/lang/NoSuchMethodError'{0x000000008857c920}: 'java.lang.Object java.lang.invoke.DirectMethodHandle$Holder.newInvokeSpecial(java.lang.Object, java.lang.Object, long, java.lang.Object)'> (0x000000008857c920) 
thrown [s\open\src\hotspot\share\interpreter\linkResolver.cpp, line 759]
Event: 203.368 Thread 0x00000129dc2a9a80 Exception <a 'java/lang/NoSuchMethodError'{0x00000000883588c0}: 'java.lang.Object java.lang.invoke.Invokers$Holder.linkToTargetMethod(java.lang.Object, int, java.lang.Object, java.lang.Object, java.lang.Object, java.lang.Object)'> (0x00000000883588c0) 
thrown [s\open\src\hotspot\share\interpreter\linkResolver.cpp, line 759]
Event: 203.368 Thread 0x00000129dc2a9a80 Exception <a 'java/lang/NoSuchMethodError'{0x000000008835d6a0}: 'java.lang.Object java.lang.invoke.DirectMethodHandle$Holder.invokeStatic(java.lang.Object, java.lang.Object, java.lang.Object, int, java.lang.Object, java.lang.Object)'> (0x000000008835d6a0) 
thrown [s\open\src\hotspot\share\interpreter\linkResolver.cpp, line 759]
Event: 203.384 Thread 0x00000129dc2a9a80 Exception <a 'java/lang/NoSuchMethodError'{0x0000000088387630}: 'java.lang.Object java.lang.invoke.DirectMethodHandle$Holder.newInvokeSpecial(java.lang.Object, java.lang.Object, java.lang.Object, java.lang.Object, int, java.lang.Object)'> (0x0000000088387630) 
thrown [s\open\src\hotspot\share\interpreter\linkResolver.cpp, line 759]
Event: 203.384 Thread 0x00000129dc2a9a80 Exception <a 'java/lang/NoSuchMethodError'{0x000000008838b6b0}: 'java.lang.Object java.lang.invoke.DirectMethodHandle$Holder.invokeSpecial(java.lang.Object, java.lang.Object, java.lang.Object, java.lang.Object, java.lang.Object, int, java.lang.Object)'> (0x000000008838b6b0) 
thrown [s\open\src\hotspot\share\interpreter\linkResolver.cpp, line 759]
Event: 203.385 Thread 0x00000129dc2a9a80 Exception <a 'java/lang/NoSuchMethodError'{0x000000008838ef98}: 'java.lang.Object java.lang.invoke.Invokers$Holder.linkToTargetMethod(java.lang.Object, java.lang.Object, java.lang.Object, int, java.lang.Object, java.lang.Object)'> (0x000000008838ef98) 
thrown [s\open\src\hotspot\share\interpreter\linkResolver.cpp, line 759]
Event: 208.664 Thread 0x00000129dc2a9a80 Exception <a 'java/lang/NoSuchMethodError'{0x00000000882a73a0}: 'void java.lang.invoke.DirectMethodHandle$Holder.invokeStaticInit(java.lang.Object)'> (0x00000000882a73a0) 
thrown [s\open\src\hotspot\share\interpreter\linkResolver.cpp, line 759]

VM Operations (20 events):
Event: 199.880 Executing VM operation: G1CollectForAllocation
Event: 199.942 Executing VM operation: G1CollectForAllocation done
Event: 200.149 Executing VM operation: G1Concurrent
Event: 200.251 Executing VM operation: G1Concurrent done
Event: 200.281 Executing VM operation: G1Concurrent
Event: 200.284 Executing VM operation: G1Concurrent done
Event: 201.290 Executing VM operation: Cleanup
Event: 201.290 Executing VM operation: Cleanup done
Event: 201.714 Executing VM operation: HandshakeAllThreads
Event: 201.714 Executing VM operation: HandshakeAllThreads done
Event: 202.667 Executing VM operation: G1CollectForAllocation
Event: 202.681 Executing VM operation: G1CollectForAllocation done
Event: 202.972 Executing VM operation: G1CollectForAllocation
Event: 202.988 Executing VM operation: G1CollectForAllocation done
Event: 204.001 Executing VM operation: Cleanup
Event: 204.001 Executing VM operation: Cleanup done
Event: 209.032 Executing VM operation: Cleanup
Event: 209.032 Executing VM operation: Cleanup done
Event: 228.704 Executing VM operation: Cleanup
Event: 228.705 Executing VM operation: Cleanup done

Events (20 events):
Event: 203.284 loading class jdk/internal/icu/impl/Trie2 done
Event: 203.284 loading class jdk/internal/icu/impl/Trie2_16 done
Event: 203.284 loading class jdk/internal/icu/impl/Trie2$1
Event: 203.284 loading class jdk/internal/icu/impl/Trie2$ValueMapper
Event: 203.284 loading class jdk/internal/icu/impl/Trie2$ValueMapper done
Event: 203.284 loading class jdk/internal/icu/impl/Trie2$1 done
Event: 203.284 loading class jdk/internal/icu/impl/Trie2$UTrie2Header
Event: 203.284 loading class jdk/internal/icu/impl/Trie2$UTrie2Header done
Event: 203.288 Thread 0x00000129ddbb8780 Thread added: 0x00000129ddbb8780
Event: 203.370 loading class sun/nio/ch/DatagramChannelImpl$DefaultOptionsHolder
Event: 203.371 loading class sun/nio/ch/DatagramChannelImpl$DefaultOptionsHolder done
Event: 208.454 Thread 0x00000129ddbb8780 Thread exited: 0x00000129ddbb8780
Event: 208.675 loading class sun/nio/ch/IOVecWrapper
Event: 208.675 loading class sun/nio/ch/IOVecWrapper done
Event: 208.675 loading class sun/nio/ch/AllocatedNativeObject
Event: 208.676 loading class sun/nio/ch/NativeObject
Event: 208.676 loading class sun/nio/ch/NativeObject done
Event: 208.676 loading class sun/nio/ch/AllocatedNativeObject done
Event: 208.676 loading class sun/nio/ch/IOVecWrapper$Deallocator
Event: 208.676 loading class sun/nio/ch/IOVecWrapper$Deallocator done


Dynamic libraries:
0x00007ff671680000 - 0x00007ff671690000 	C:\Program Files\Java\jdk-17\bin\java.exe
0x00007ffeb4b40000 - 0x00007ffeb4da7000 	C:\WINDOWS\SYSTEM32\ntdll.dll
0x00007ffeb3ab0000 - 0x00007ffeb3b79000 	C:\WINDOWS\System32\KERNEL32.DLL
0x00007ffeb2040000 - 0x00007ffeb2431000 	C:\WINDOWS\System32\KERNELBASE.dll
0x00007ffeb24f0000 - 0x00007ffeb263b000 	C:\WINDOWS\System32\ucrtbase.dll
0x00007ffe96080000 - 0x00007ffe96099000 	C:\Program Files\Java\jdk-17\bin\jli.dll
0x00007ffeb2e80000 - 0x00007ffeb2f3b000 	C:\WINDOWS\System32\ADVAPI32.dll
0x00007ffeb4560000 - 0x00007ffeb4609000 	C:\WINDOWS\System32\msvcrt.dll
0x00007ffeb4370000 - 0x00007ffeb4417000 	C:\WINDOWS\System32\sechost.dll
0x00007ffeb4420000 - 0x00007ffeb4538000 	C:\WINDOWS\System32\RPCRT4.dll
0x00007ffeb48a0000 - 0x00007ffeb4a65000 	C:\WINDOWS\System32\USER32.dll
0x00007ffeb1e90000 - 0x00007ffeb1eb7000 	C:\WINDOWS\System32\win32u.dll
0x00007ffeb4a70000 - 0x00007ffeb4a9b000 	C:\WINDOWS\System32\GDI32.dll
0x00007ffe95f60000 - 0x00007ffe95f7b000 	C:\Program Files\Java\jdk-17\bin\VCRUNTIME140.dll
0x00007ffeb2640000 - 0x00007ffeb276b000 	C:\WINDOWS\System32\gdi32full.dll
0x00007ffeb2440000 - 0x00007ffeb24e3000 	C:\WINDOWS\System32\msvcp_win.dll
0x00007ffe95300000 - 0x00007ffe95593000 	C:\WINDOWS\WinSxS\amd64_microsoft.windows.common-controls_6595b64144ccf1df_6.0.26100.8037_none_3e092faae333b53b\COMCTL32.dll
0x00007ffea1f90000 - 0x00007ffea1f9b000 	C:\WINDOWS\SYSTEM32\VERSION.dll
0x00007ffeb4330000 - 0x00007ffeb4361000 	C:\WINDOWS\System32\IMM32.DLL
0x00007ffe962f0000 - 0x00007ffe962fc000 	C:\Program Files\Java\jdk-17\bin\vcruntime140_1.dll
0x00007ffe7ad50000 - 0x00007ffe7adde000 	C:\Program Files\Java\jdk-17\bin\msvcp140.dll
0x00007ffe34a70000 - 0x00007ffe35650000 	C:\Program Files\Java\jdk-17\bin\server\jvm.dll
0x00007ffeb39a0000 - 0x00007ffeb39a8000 	C:\WINDOWS\System32\PSAPI.DLL
0x00007ffeaa270000 - 0x00007ffeaa2a5000 	C:\WINDOWS\SYSTEM32\WINMM.dll
0x00007ffea2840000 - 0x00007ffea284a000 	C:\WINDOWS\SYSTEM32\WSOCK32.dll
0x00007ffeb30a0000 - 0x00007ffeb3114000 	C:\WINDOWS\System32\WS2_32.dll
0x00007ffeb01b0000 - 0x00007ffeb01cb000 	C:\WINDOWS\SYSTEM32\kernel.appcore.dll
0x00007ffe96070000 - 0x00007ffe9607a000 	C:\Program Files\Java\jdk-17\bin\jimage.dll
0x00007ffeaf1e0000 - 0x00007ffeaf422000 	C:\WINDOWS\SYSTEM32\DBGHELP.DLL
0x00007ffeb28e0000 - 0x00007ffeb2c62000 	C:\WINDOWS\System32\combase.dll
0x00007ffeb3dc0000 - 0x00007ffeb3e97000 	C:\WINDOWS\System32\OLEAUT32.dll
0x00007ffe8fe70000 - 0x00007ffe8feab000 	C:\WINDOWS\SYSTEM32\dbgcore.DLL
0x00007ffeb1570000 - 0x00007ffeb1615000 	C:\WINDOWS\System32\bcryptPrimitives.dll
0x00007ffe957f0000 - 0x00007ffe957fe000 	C:\Program Files\Java\jdk-17\bin\instrument.dll
0x00007ffe92cc0000 - 0x00007ffe92ce5000 	C:\Program Files\Java\jdk-17\bin\java.dll
0x00007ffe6afe0000 - 0x00007ffe6b0b7000 	C:\Program Files\Java\jdk-17\bin\jsvml.dll
0x00007ffeb3170000 - 0x00007ffeb38cf000 	C:\WINDOWS\System32\SHELL32.dll
0x00007ffeb2770000 - 0x00007ffeb28da000 	C:\WINDOWS\System32\wintypes.dll
0x00007ffeb1620000 - 0x00007ffeb1e84000 	C:\WINDOWS\System32\windows.storage.dll
0x00007ffeb4620000 - 0x00007ffeb4717000 	C:\WINDOWS\System32\SHCORE.dll
0x00007ffeb47b0000 - 0x00007ffeb4817000 	C:\WINDOWS\System32\shlwapi.dll
0x00007ffeb1340000 - 0x00007ffeb1369000 	C:\WINDOWS\SYSTEM32\profapi.dll
0x00007ffe957d0000 - 0x00007ffe957e8000 	C:\Program Files\Java\jdk-17\bin\zip.dll
0x00007ffe7ca20000 - 0x00007ffe7ca39000 	C:\Program Files\Java\jdk-17\bin\net.dll
0x00007ffeaa020000 - 0x00007ffeaa147000 	C:\WINDOWS\SYSTEM32\WINHTTP.dll
0x00007ffeb0720000 - 0x00007ffeb078b000 	C:\WINDOWS\system32\mswsock.dll
0x00007ffe7c9b0000 - 0x00007ffe7c9c6000 	C:\Program Files\Java\jdk-17\bin\nio.dll
0x00007ffeafb40000 - 0x00007ffeafb73000 	C:\WINDOWS\SYSTEM32\IPHLPAPI.DLL
0x00007ffeb4610000 - 0x00007ffeb461a000 	C:\WINDOWS\System32\NSI.dll
0x00007ffea9f50000 - 0x00007ffea9f6d000 	C:\WINDOWS\SYSTEM32\dhcpcsvc6.DLL
0x00007ffea9f20000 - 0x00007ffea9f43000 	C:\WINDOWS\SYSTEM32\dhcpcsvc.DLL
0x00007ffeafb80000 - 0x00007ffeafcaa000 	C:\WINDOWS\SYSTEM32\DNSAPI.dll
0x00007ffea3970000 - 0x00007ffea397b000 	C:\Windows\System32\rasadhlp.dll
0x00007ffea43c0000 - 0x00007ffea4446000 	C:\WINDOWS\System32\fwpuclnt.dll
0x00007ffeb0a00000 - 0x00007ffeb0a1b000 	C:\WINDOWS\SYSTEM32\CRYPTSP.dll
0x00007ffeb0110000 - 0x00007ffeb0149000 	C:\WINDOWS\system32\rsaenh.dll
0x00007ffeb07d0000 - 0x00007ffeb0802000 	C:\WINDOWS\SYSTEM32\USERENV.dll
0x00007ffeb1310000 - 0x00007ffeb133a000 	C:\WINDOWS\SYSTEM32\bcrypt.dll
0x00007ffeb0a20000 - 0x00007ffeb0a2c000 	C:\WINDOWS\SYSTEM32\CRYPTBASE.dll
0x00007ffe92ca0000 - 0x00007ffe92caa000 	C:\Program Files\Java\jdk-17\bin\management.dll
0x00007ffe81cb0000 - 0x00007ffe81cbb000 	C:\Program Files\Java\jdk-17\bin\management_ext.dll
0x00007ffe93470000 - 0x00007ffe9347e000 	C:\Program Files\Java\jdk-17\bin\sunmscapi.dll
0x00007ffeb1ec0000 - 0x00007ffeb2037000 	C:\WINDOWS\System32\CRYPT32.dll
0x00007ffeb0c20000 - 0x00007ffeb0c50000 	C:\WINDOWS\SYSTEM32\ncrypt.dll
0x00007ffeb0bd0000 - 0x00007ffeb0c0f000 	C:\WINDOWS\SYSTEM32\NTASN1.dll
0x00007ffe7c9a0000 - 0x00007ffe7c9b0000 	C:\Program Files\Java\jdk-17\bin\verify.dll
0x00007ffe6e0c0000 - 0x00007ffe6e0c8000 	C:\WINDOWS\system32\wshunix.dll
0x00007ffe86380000 - 0x00007ffe86398000 	C:\WINDOWS\system32\napinsp.dll
0x00007ffe86360000 - 0x00007ffe86372000 	C:\WINDOWS\System32\winrnr.dll
0x00007ffe86330000 - 0x00007ffe86352000 	C:\WINDOWS\system32\nlansp_c.dll
0x00007ffe86310000 - 0x00007ffe86326000 	C:\WINDOWS\system32\wshbth.dll

dbghelp: loaded successfully - version: 4.0.5 - missing functions: none
symbol engine: initialized successfully - sym options: 0x614 - pdb path: .;C:\Program Files\Java\jdk-17\bin;C:\WINDOWS\SYSTEM32;C:\WINDOWS\WinSxS\amd64_microsoft.windows.common-controls_6595b64144ccf1df_6.0.26100.8037_none_3e092faae333b53b;C:\Program Files\Java\jdk-17\bin\server

VM Arguments:
jvm_args: -javaagent:C:\Program Files\JetBrains\IntelliJ IDEA 2025.3.1\lib\idea_rt.jar=49406 -Dfile.encoding=UTF-8 
java_command: com.revature.gateway.ApiGatewayApplication
java_class_path (initial): C:\Users\DELL\Downloads\RevPassword_Manager-Microservices\infrastructure\api-gateway\target\classes;C:\Users\DELL\.m2\repository\org\springframework\cloud\spring-cloud-starter-gateway\4.1.0\spring-cloud-starter-gateway-4.1.0.jar;C:\Users\DELL\.m2\repository\org\springframework\cloud\spring-cloud-starter\4.1.0\spring-cloud-starter-4.1.0.jar;C:\Users\DELL\.m2\repository\org\springframework\cloud\spring-cloud-context\4.1.0\spring-cloud-context-4.1.0.jar;C:\Users\DELL\.m2\repository\org\springframework\security\spring-security-crypto\6.2.2\spring-security-crypto-6.2.2.jar;C:\Users\DELL\.m2\repository\org\springframework\cloud\spring-cloud-commons\4.1.0\spring-cloud-commons-4.1.0.jar;C:\Users\DELL\.m2\repository\org\springframework\security\spring-security-rsa\1.1.1\spring-security-rsa-1.1.1.jar;C:\Users\DELL\.m2\repository\org\bouncycastle\bcprov-jdk18on\1.74\bcprov-jdk18on-1.74.jar;C:\Users\DELL\.m2\repository\org\springframework\cloud\spring-cloud-gateway-server\4.1.0\spring-cloud-gateway-server-4.1.0.jar;C:\Users\DELL\.m2\repository\org\springframework\boot\spring-boot-starter-validation\3.2.3\spring-boot-starter-validation-3.2.3.jar;C:\Users\DELL\.m2\repository\org\apache\tomcat\embed\tomcat-embed-el\10.1.19\tomcat-embed-el-10.1.19.jar;C:\Users\DELL\.m2\repository\org\hibernate\validator\hibernate-validator\8.0.1.Final\hibernate-validator-8.0.1.Final.jar;C:\Users\DELL\.m2\repository\jakarta\validation\jakarta.validation-api\3.0.2\jakarta.validation-api-3.0.2.jar;C:\Users\DELL\.m2\repository\org\jboss\logging\jboss-logging\3.5.3.Final\jboss-logging-3.5.3.Final.jar;C:\Users\DELL\.m2\repository\com\fasterxml\classmate\1.6.0\classmate-1.6.0.jar;C:\Users\DELL\.m2\repository\io\projectreactor\addons\reactor-extra\3.5.1\reactor-extra-3.5.1.jar;C:\Users\DELL\.m2\repository\io\projectreactor\reactor-core\3.6.3\reactor-core-3.6.3.jar;C:\Users\DELL\.m2\repository\org\reactivestreams\reactive-streams\1.0.4\reactive-streams-1.0.4.jar;C:\Users\DELL\.m
Launcher Type: SUN_STANDARD

[Global flags]
     intx CICompilerCount                          = 3                                         {product} {ergonomic}
     uint ConcGCThreads                            = 1                                         {product} {ergonomic}
     uint G1ConcRefinementThreads                  = 4                                         {product} {ergonomic}
   size_t G1HeapRegionSize                         = 1048576                                   {product} {ergonomic}
    uintx GCDrainStackTargetSize                   = 64                                        {product} {ergonomic}
   size_t InitialHeapSize                          = 130023424                                 {product} {ergonomic}
   size_t MarkStackSize                            = 4194304                                   {product} {ergonomic}
   size_t MaxHeapSize                              = 2076180480                                {product} {ergonomic}
   size_t MaxNewSize                               = 1245708288                                {product} {ergonomic}
   size_t MinHeapDeltaBytes                        = 1048576                                   {product} {ergonomic}
   size_t MinHeapSize                              = 8388608                                   {product} {ergonomic}
    uintx NonNMethodCodeHeapSize                   = 5832780                                {pd product} {ergonomic}
    uintx NonProfiledCodeHeapSize                  = 122912730                              {pd product} {ergonomic}
    uintx ProfiledCodeHeapSize                     = 122912730                              {pd product} {ergonomic}
    uintx ReservedCodeCacheSize                    = 251658240                              {pd product} {ergonomic}
     bool SegmentedCodeCache                       = true                                      {product} {ergonomic}
   size_t SoftMaxHeapSize                          = 2076180480                             {manageable} {ergonomic}
     bool UseCompressedClassPointers               = true                           {product lp64_product} {ergonomic}
     bool UseCompressedOops                        = true                           {product lp64_product} {ergonomic}
     bool UseG1GC                                  = true                                      {product} {ergonomic}
     bool UseLargePagesIndividualAllocation        = false                                  {pd product} {ergonomic}

Logging:
Log output configuration:
 #0: stdout all=warning uptime,level,tags
 #1: stderr all=off uptime,level,tags

Environment Variables:
JAVA_HOME=C:\Program Files\Java\jdk-21
PATH=C:\Program Files\Common Files\Oracle\Java\javapath;C:\WINDOWS\system32;C:\WINDOWS;C:\WINDOWS\System32\Wbem;C:\WINDOWS\System32\WindowsPowerShell\v1.0\;C:\WINDOWS\System32\OpenSSH\;C:\Program Files\PHP;C:\Program Files\Git\cmd;D:\C DRIVE BACKUP\apache-tomcat-10.1.30-windows-x64\apache-tomcat-10.1.30\bin;C:\Program Files\Java\jdk-21\bin;C:\Users\DELL\apache-maven-3.9.9\bin;C:\Program Files\dotnet\;%JAVA_HOME\bin;D:\;C:\Program Files\Docker\Docker\resources\bin;C:\Users\DELL\AppData\Local\Microsoft\WindowsApps;C:\Users\DELL\AppData\Local\Programs\Microsoft VS Code\bin;C:\Program Files\nodejs;D:\PHP;C:\Users\DELL\AppData\Roaming\npm;C:\Users\DELL\AppData\Local\Programs\Antigravity\bin
USERNAME=DELL
OS=Windows_NT
PROCESSOR_IDENTIFIER=Intel64 Family 6 Model 140 Stepping 1, GenuineIntel



---------------  S Y S T E M  ---------------

OS:
 Windows 11 , 64 bit Build 26100 (10.0.26100.7920)
OS uptime: 1 days 10:08 hours
Hyper-V role detected

CPU: total 4 (initial active 4) (2 cores per cpu, 2 threads per core) family 6 model 140 stepping 1 microcode 0xbc, cx8, cmov, fxsr, ht, mmx, 3dnowpref, sse, sse2, sse3, ssse3, sse4.1, sse4.2, popcnt, lzcnt, tsc, tscinvbit, avx, avx2, aes, erms, clmul, bmi1, bmi2, adx, avx512f, avx512dq, avx512cd, avx512bw, avx512vl, sha, fma, vzeroupper, avx512_vpopcntdq, avx512_vpclmulqdq, avx512_vaes, avx512_vnni, clflush, clflushopt, clwb, avx512_vbmi2, avx512_vbmi, hv

Memory: 4k page, system-wide physical 7914M (480M free)
TotalPageFile size 21480M (AvailPageFile size 0M)
current process WorkingSet (physical memory assigned to process): 65M, peak: 232M
current process commit charge ("private bytes"): 233M, peak: 268M

vm_info: Java HotSpot(TM) 64-Bit Server VM (17.0.12+8-LTS-286) for windows-amd64 JRE (17.0.12+8-LTS-286), built on Jun  5 2024 06:46:59 by "mach5one" with MS VC++ 17.6 (VS2022)

END.
